#
# A fatal error has been detected by the Java Runtime Environment:
#
#  SIGSEGV (0xb) at pc=0x00007fff682a2d3b, pid=3315, tid=0x000000000000cd0f
#
# JRE version: Java(TM) SE Runtime Environment (8.0_151-b12) (build 1.8.0_151-b12)
# Java VM: Java HotSpot(TM) 64-Bit Server VM (25.151-b12 mixed mode bsd-amd64 compressed oops)
# Problematic frame:
# C  [libobjc.A.dylib+0x6d3b]  objc_retain+0x1b
#
# Failed to write core dump. Core dumps have been disabled. To enable core dumping, try "ulimit -c unlimited" before starting Java again
#
# If you would like to submit a bug report, please visit:
#   http://bugreport.java.com/bugreport/crash.jsp
# The crash happened outside the Java Virtual Machine in native code.
# See problematic frame for where to report the bug.
#

---------------  T H R E A D  ---------------

Current thread (0x00007f945817b000):  JavaThread "Java2D Queue Flusher" daemon [_thread_in_native, id=52495, stack(0x000070000ac48000,0x000070000ad48000)]

siginfo: si_signo: 11 (SIGSEGV), si_code: 1 (SEGV_MAPERR), si_addr: 0x000007f945c956a0

Registers:
RAX=0x000007f945c95681, RBX=0x0000000000000003, RCX=0x000007f945c95680, RDX=0x0000000000000003
RSP=0x000070000ad47718, RBP=0x000070000ad47740, RSI=0x00007f9456cf1220, RDI=0x00007f9456cf1220
R8 =0x00000000456cdf9f, R9 =0x0000000000000002, R10=0x0000000080000000, R11=0x00000f944bf98218
R12=0x0000000000000000, R13=0x000070000ad478e8, R14=0x00007f9456cdf9e0, R15=0x00007f9456cf1220
RIP=0x00007fff682a2d3b, EFLAGS=0x0000000000010202, ERR=0x0000000000000004
  TRAPNO=0x000000000000000e

Top of Stack: (sp=0x000070000ad47718)
0x000070000ad47718:   00007fff68f15bab 0000000118fddd10
0x000070000ad47728:   000070000ad477a8 00007f9456cdf9c0
0x000070000ad47738:   0000000118fddd10 000070000ad47770
0x000070000ad47748:   00007fff68f158f0 000070000ad477a8
0x000070000ad47758:   00007fff9b641f50 000070000ad47968
0x000070000ad47768:   00007f945817b000 000070000ad47790
0x000070000ad47778:   00007fff44d75f86 00007f9456cf1220
0x000070000ad47788:   000000016f6354f0 000070000ad477d0
0x000070000ad47798:   0000000118f78ff4 0000000000e0baf0
0x000070000ad477a8:   00007fffa16b3060 0000000042000000
0x000070000ad477b8:   0000000118f78ffa 0000000118fddd10
0x000070000ad477c8:   00007f9456cf1220 000070000ad47820
0x000070000ad477d8:   000000011eeb862a 0000000740334118
0x000070000ad477e8:   000000010ff38ac0 0000000000000064
0x000070000ad477f8:   0000000000000000 0000000000000064
0x000070000ad47808:   00007f9456dacdb8 000070000ad47870
0x000070000ad47818:   000000010fd50488 000070000ad47940
0x000070000ad47828:   000000011ee88ffc 0000000000000001
0x000070000ad47838:   00007f9456dad800 0000000740334100
0x000070000ad47848:   00007f945817b000 00007f945817b000
0x000070000ad47858:   00000001158cfa00 000070000ad47968
0x000070000ad47868:   00007f945817b000 000070000ad478c0
0x000070000ad47878:   000000011eba16a8 0000000740334118
0x000070000ad47888:   000000011eda82a6 000070000ad47940
0x000070000ad47898:   000000011ee28f9c 0000000115f0ed4c
0x000070000ad478a8:   000070000ad478e8 0000000115f0edc8
0x000070000ad478b8:   0000000000000000 000070000ad47940
0x000070000ad478c8:   000000011ea042bd 000070000ad47940
0x000070000ad478d8:   000000011ea042bd 000000011ea042bd
0x000070000ad478e8:   0000000740334118 0000000000000001
0x000070000ad478f8:   00000007403341a0 000070000ad478f0
0x000070000ad47908:   0000000115d2cd11 000070000ad47968 

Instructions: (pc=0x00007fff682a2d3b)
0x00007fff682a2d1b:   5f 5d c3 90 90 48 85 ff 74 45 40 f6 c7 01 75 41
0x00007fff682a2d2b:   48 8b 07 48 b9 f8 ff ff ff ff 7f 00 00 48 21 c1
0x00007fff682a2d3b:   f6 41 20 02 74 2f a8 01 74 20 48 b9 00 00 00 00
0x00007fff682a2d4b:   00 00 00 01 48 89 c2 48 01 ca 72 28 f0 48 0f b1 

Register to memory mapping:

RAX=0x000007f945c95681 is an unknown value
RBX=0x0000000000000003 is an unknown value
RCX=0x000007f945c95680 is an unknown value
RDX=0x0000000000000003 is an unknown value
RSP=0x000070000ad47718 is pointing into the stack for thread: 0x00007f945817b000
RBP=0x000070000ad47740 is pointing into the stack for thread: 0x00007f945817b000
RSI=0x00007f9456cf1220 is an unknown value
RDI=0x00007f9456cf1220 is an unknown value
R8 =0x00000000456cdf9f is an unknown value
R9 =0x0000000000000002 is an unknown value
R10=0x0000000080000000 is an unknown value
R11=0x00000f944bf98218 is an unknown value
R12=0x0000000000000000 is an unknown value
R13=0x000070000ad478e8 is pointing into the stack for thread: 0x00007f945817b000
R14=0x00007f9456cdf9e0 is an unknown value
R15=0x00007f9456cf1220 is an unknown value


Stack: [0x000070000ac48000,0x000070000ad48000],  sp=0x000070000ad47718,  free space=1021k
Native frames: (J=compiled Java code, j=interpreted, Vv=VM code, C=native code)
C  [libobjc.A.dylib+0x6d3b]  objc_retain+0x1b
C  [libsystem_blocks.dylib+0x8f0]  _Block_copy+0x71
C  [JavaNativeFoundation+0x6f86]  +[JNFRunLoop performOnMainThreadWaiting:withBlock:]+0x2e
C  [libawt_lwawt.dylib+0x1bff4]  OGLSD_Flush+0x6d
J 1407  sun.java2d.opengl.OGLRenderQueue.flushBuffer(JI)V (0 bytes) @ 0x000000011eeb862a [0x000000011eeb8580+0xaa]
J 1359 C1 sun.java2d.opengl.OGLRenderQueue.flushBuffer()V (41 bytes) @ 0x000000011ee88ffc [0x000000011ee88da0+0x25c]
J 1228 C1 sun.java2d.opengl.OGLRenderQueue.access$100(Lsun/java2d/opengl/OGLRenderQueue;)V (5 bytes) @ 0x000000011ee28f9c [0x000000011ee28f40+0x5c]
j  sun.java2d.opengl.OGLRenderQueue$QueueFlusher.run()V+81
v  ~StubRoutines::call_stub
V  [libjvm.dylib+0x2ee9aa]
V  [libjvm.dylib+0x2ef14e]
V  [libjvm.dylib+0x2ef2fa]
V  [libjvm.dylib+0x349a51]
V  [libjvm.dylib+0x56c173]
V  [libjvm.dylib+0x56d860]
V  [libjvm.dylib+0x48bbb2]
C  [libsystem_pthread.dylib+0x3661]  _pthread_body+0x154
C  [libsystem_pthread.dylib+0x350d]  _pthread_body+0x0
C  [libsystem_pthread.dylib+0x2bf9]  thread_start+0xd
C  0x0000000000000000

Java frames: (J=compiled Java code, j=interpreted, Vv=VM code)
J 1407  sun.java2d.opengl.OGLRenderQueue.flushBuffer(JI)V (0 bytes) @ 0x000000011eeb85b8 [0x000000011eeb8580+0x38]
J 1359 C1 sun.java2d.opengl.OGLRenderQueue.flushBuffer()V (41 bytes) @ 0x000000011ee88ffc [0x000000011ee88da0+0x25c]
J 1228 C1 sun.java2d.opengl.OGLRenderQueue.access$100(Lsun/java2d/opengl/OGLRenderQueue;)V (5 bytes) @ 0x000000011ee28f9c [0x000000011ee28f40+0x5c]
j  sun.java2d.opengl.OGLRenderQueue$QueueFlusher.run()V+81
v  ~StubRoutines::call_stub

---------------  P R O C E S S  ---------------

Java Threads: ( => current thread )
  0x00007f945d06f800 JavaThread "pool-2-thread-1" [_thread_blocked, id=75923, stack(0x000070000b1da000,0x000070000b2da000)]
  0x00007f94580a0800 JavaThread "TimerQueue" daemon [_thread_blocked, id=3339, stack(0x0000700009986000,0x0000700009a86000)]
  0x00007f94581f1000 JavaThread "Thread-1" [_thread_blocked, id=32531, stack(0x000070000aabf000,0x000070000abbf000)]
  0x00007f9457198000 JavaThread "AWT-EventQueue-1" [_thread_blocked, id=36647, stack(0x000070000b0d7000,0x000070000b1d7000)]
  0x00007f94584c4800 JavaThread "DestroyJavaVM" [_thread_blocked, id=6915, stack(0x0000700009b0f000,0x0000700009c0f000)]
  0x00007f9458997000 JavaThread "AWT-EventQueue-0" [_thread_blocked, id=55387, stack(0x000070000afd4000,0x000070000b0d4000)]
  0x00007f9457914800 JavaThread "thread applet-Corbit.class" [_thread_blocked, id=55559, stack(0x000070000ae4e000,0x000070000af4e000)]
  0x00007f94581df000 JavaThread "Java2D Disposer" daemon [_thread_blocked, id=55055, stack(0x000070000ad4b000,0x000070000ae4b000)]
=>0x00007f945817b000 JavaThread "Java2D Queue Flusher" daemon [_thread_in_native, id=52495, stack(0x000070000ac48000,0x000070000ad48000)]
  0x00007f945889c800 JavaThread "AWT-Shutdown" [_thread_blocked, id=25899, stack(0x000070000a939000,0x000070000aa39000)]
  0x00007f94588cf800 JavaThread "AppKit Thread" daemon [_thread_in_native, id=775, stack(0x00007ffee023b000,0x00007ffee0a3b000)]
  0x00007f945705a800 JavaThread "Service Thread" daemon [_thread_blocked, id=17667, stack(0x000070000a733000,0x000070000a833000)]
  0x00007f9458029800 JavaThread "C1 CompilerThread2" daemon [_thread_blocked, id=14339, stack(0x000070000a630000,0x000070000a730000)]
  0x00007f9458029000 JavaThread "C2 CompilerThread1" daemon [_thread_blocked, id=14083, stack(0x000070000a52d000,0x000070000a62d000)]
  0x00007f9458020800 JavaThread "C2 CompilerThread0" daemon [_thread_blocked, id=18435, stack(0x000070000a42a000,0x000070000a52a000)]
  0x00007f945782a800 JavaThread "Signal Dispatcher" daemon [_thread_blocked, id=13827, stack(0x000070000a327000,0x000070000a427000)]
  0x00007f9457028000 JavaThread "Finalizer" daemon [_thread_blocked, id=20227, stack(0x000070000a224000,0x000070000a324000)]
  0x00007f9457025000 JavaThread "Reference Handler" daemon [_thread_blocked, id=20483, stack(0x000070000a121000,0x000070000a221000)]

Other Threads:
  0x00007f9458014800 VMThread [stack: 0x000070000a01e000,0x000070000a11e000] [id=20995]
  0x00007f9457035800 WatcherThread [stack: 0x000070000a836000,0x000070000a936000] [id=17155]

VM state:not at safepoint (normal execution)

VM Mutex/Monitor currently owned by a thread: None

Heap:
 PSYoungGen      total 3584K, used 633K [0x0000000795580000, 0x0000000795a80000, 0x00000007c0000000)
  eden space 2048K, 30% used [0x0000000795580000,0x000000079561e698,0x0000000795780000)
  from space 1536K, 0% used [0x0000000795780000,0x0000000795780000,0x0000000795900000)
  to   space 1536K, 0% used [0x0000000795900000,0x0000000795900000,0x0000000795a80000)
 ParOldGen       total 12800K, used 9019K [0x0000000740000000, 0x0000000740c80000, 0x0000000795580000)
  object space 12800K, 70% used [0x0000000740000000,0x00000007408cef48,0x0000000740c80000)
 Metaspace       used 14652K, capacity 15036K, committed 15360K, reserved 1062912K
  class space    used 1900K, capacity 2022K, committed 2048K, reserved 1048576K

Card table byte_map: [0x0000000110dfb000,0x00000001111fc000] byte_map_base: 0x000000010d3fb000

Marking Bits: (ParMarkBitMap*) 0x00000001102f35d0
 Begin Bits: [0x00000001114a7000, 0x00000001134a7000)
 End Bits:   [0x00000001134a7000, 0x00000001154a7000)

Polling page: 0x000000010f1fe000

CodeCache: size=245760Kb used=6635Kb max_used=6810Kb free=239124Kb
 bounds [0x000000011e9fc000, 0x000000011f0ac000, 0x000000012d9fc000]
 total_blobs=2529 nmethods=1958 adapters=484
 compilation: enabled

Compilation events (10 events):
Event: 28.988 Thread 0x00007f9458029800 2045       3       sun.util.locale.LocaleUtils::toLower (17 bytes)
Event: 28.988 Thread 0x00007f9458029800 nmethod 2045 0x000000011eda0490 code [0x000000011eda0600, 0x000000011eda0870]
Event: 28.996 Thread 0x00007f9458029800 2046       3       java.lang.reflect.Method::invoke (62 bytes)
Event: 28.997 Thread 0x00007f9458029000 2049       4       jdk.internal.org.objectweb.asm.Item::<init> (66 bytes)
Event: 28.997 Thread 0x00007f9458029800 nmethod 2046 0x000000011ec8f190 code [0x000000011ec8f360, 0x000000011ec8f8e8]
Event: 28.997 Thread 0x00007f9458029800 2047       3       sun.reflect.DelegatingMethodAccessorImpl::invoke (10 bytes)
Event: 28.998 Thread 0x00007f9458029800 nmethod 2047 0x000000011eda0010 code [0x000000011eda0180, 0x000000011eda03a8]
Event: 28.998 Thread 0x00007f9458029800 2048       3       java.awt.Container::adjustDecendantsOnParent (16 bytes)
Event: 28.998 Thread 0x00007f9458029800 nmethod 2048 0x000000011f0a1350 code [0x000000011f0a14c0, 0x000000011f0a1828]
Event: 28.998 Thread 0x00007f9458029000 nmethod 2049 0x000000011ed9fd90 code [0x000000011ed9fee0, 0x000000011ed9ff98]

GC Heap History (10 events):
Event: 22.312 GC heap before
{Heap before GC invocations=22 (full 2):
 PSYoungGen      total 3584K, used 2875K [0x0000000795580000, 0x0000000795a80000, 0x00000007c0000000)
  eden space 2048K, 100% used [0x0000000795580000,0x0000000795780000,0x0000000795780000)
  from space 1536K, 53% used [0x0000000795780000,0x000000079584ec00,0x0000000795900000)
  to   space 1536K, 0% used [0x0000000795900000,0x0000000795900000,0x0000000795a80000)
 ParOldGen       total 11264K, used 7751K [0x0000000740000000, 0x0000000740b00000, 0x0000000795580000)
  object space 11264K, 68% used [0x0000000740000000,0x0000000740791e90,0x0000000740b00000)
 Metaspace       used 13873K, capacity 14234K, committed 14464K, reserved 1062912K
  class space    used 1795K, capacity 1909K, committed 1920K, reserved 1048576K
Event: 22.313 GC heap after
Heap after GC invocations=22 (full 2):
 PSYoungGen      total 3584K, used 641K [0x0000000795580000, 0x0000000795a80000, 0x00000007c0000000)
  eden space 2048K, 0% used [0x0000000795580000,0x0000000795580000,0x0000000795780000)
  from space 1536K, 41% used [0x0000000795900000,0x00000007959a0400,0x0000000795a80000)
  to   space 1536K, 0% used [0x0000000795780000,0x0000000795780000,0x0000000795900000)
 ParOldGen       total 11264K, used 8663K [0x0000000740000000, 0x0000000740b00000, 0x0000000795580000)
  object space 11264K, 76% used [0x0000000740000000,0x0000000740875e90,0x0000000740b00000)
 Metaspace       used 13873K, capacity 14234K, committed 14464K, reserved 1062912K
  class space    used 1795K, capacity 1909K, committed 1920K, reserved 1048576K
}
Event: 23.121 GC heap before
{Heap before GC invocations=23 (full 2):
 PSYoungGen      total 3584K, used 2689K [0x0000000795580000, 0x0000000795a80000, 0x00000007c0000000)
  eden space 2048K, 100% used [0x0000000795580000,0x0000000795780000,0x0000000795780000)
  from space 1536K, 41% used [0x0000000795900000,0x00000007959a0400,0x0000000795a80000)
  to   space 1536K, 0% used [0x0000000795780000,0x0000000795780000,0x0000000795900000)
 ParOldGen       total 11264K, used 8663K [0x0000000740000000, 0x0000000740b00000, 0x0000000795580000)
  object space 11264K, 76% used [0x0000000740000000,0x0000000740875e90,0x0000000740b00000)
 Metaspace       used 13912K, capacity 14298K, committed 14464K, reserved 1062912K
  class space    used 1795K, capacity 1909K, committed 1920K, reserved 1048576K
Event: 23.123 GC heap after
Heap after GC invocations=23 (full 2):
 PSYoungGen      total 3584K, used 618K [0x0000000795580000, 0x0000000795a80000, 0x00000007c0000000)
  eden space 2048K, 0% used [0x0000000795580000,0x0000000795580000,0x0000000795780000)
  from space 1536K, 40% used [0x0000000795780000,0x000000079581aa00,0x0000000795900000)
  to   space 1536K, 0% used [0x0000000795900000,0x0000000795900000,0x0000000795a80000)
 ParOldGen       total 11264K, used 9295K [0x0000000740000000, 0x0000000740b00000, 0x0000000795580000)
  object space 11264K, 82% used [0x0000000740000000,0x0000000740913c90,0x0000000740b00000)
 Metaspace       used 13912K, capacity 14298K, committed 14464K, reserved 1062912K
  class space    used 1795K, capacity 1909K, committed 1920K, reserved 1048576K
}
Event: 25.121 GC heap before
{Heap before GC invocations=24 (full 2):
 PSYoungGen      total 3584K, used 2666K [0x0000000795580000, 0x0000000795a80000, 0x00000007c0000000)
  eden space 2048K, 100% used [0x0000000795580000,0x0000000795780000,0x0000000795780000)
  from space 1536K, 40% used [0x0000000795780000,0x000000079581aa00,0x0000000795900000)
  to   space 1536K, 0% used [0x0000000795900000,0x0000000795900000,0x0000000795a80000)
 ParOldGen       total 11264K, used 9295K [0x0000000740000000, 0x0000000740b00000, 0x0000000795580000)
  object space 11264K, 82% used [0x0000000740000000,0x0000000740913c90,0x0000000740b00000)
 Metaspace       used 13952K, capacity 14306K, committed 14464K, reserved 1062912K
  class space    used 1795K, capacity 1909K, committed 1920K, reserved 1048576K
Event: 25.122 GC heap after
Heap after GC invocations=24 (full 2):
 PSYoungGen      total 3584K, used 479K [0x0000000795580000, 0x0000000795a80000, 0x00000007c0000000)
  eden space 2048K, 0% used [0x0000000795580000,0x0000000795580000,0x0000000795780000)
  from space 1536K, 31% used [0x0000000795900000,0x0000000795977ef0,0x0000000795a80000)
  to   space 1536K, 0% used [0x0000000795780000,0x0000000795780000,0x0000000795900000)
 ParOldGen       total 11264K, used 9825K [0x0000000740000000, 0x0000000740b00000, 0x0000000795580000)
  object space 11264K, 87% used [0x0000000740000000,0x0000000740998690,0x0000000740b00000)
 Metaspace       used 13952K, capacity 14306K, committed 14464K, reserved 1062912K
  class space    used 1795K, capacity 1909K, committed 1920K, reserved 1048576K
}
Event: 28.463 GC heap before
{Heap before GC invocations=25 (full 2):
 PSYoungGen      total 3584K, used 2527K [0x0000000795580000, 0x0000000795a80000, 0x00000007c0000000)
  eden space 2048K, 100% used [0x0000000795580000,0x0000000795780000,0x0000000795780000)
  from space 1536K, 31% used [0x0000000795900000,0x0000000795977ef0,0x0000000795a80000)
  to   space 1536K, 0% used [0x0000000795780000,0x0000000795780000,0x0000000795900000)
 ParOldGen       total 11264K, used 9825K [0x0000000740000000, 0x0000000740b00000, 0x0000000795580000)
  object space 11264K, 87% used [0x0000000740000000,0x0000000740998690,0x0000000740b00000)
 Metaspace       used 14036K, capacity 14402K, committed 14592K, reserved 1062912K
  class space    used 1802K, capacity 1941K, committed 2048K, reserved 1048576K
Event: 28.464 GC heap after
Heap after GC invocations=25 (full 2):
 PSYoungGen      total 3584K, used 160K [0x0000000795580000, 0x0000000795a80000, 0x00000007c0000000)
  eden space 2048K, 0% used [0x0000000795580000,0x0000000795580000,0x0000000795780000)
  from space 1536K, 10% used [0x0000000795780000,0x00000007957a8000,0x0000000795900000)
  to   space 1536K, 0% used [0x0000000795900000,0x0000000795900000,0x0000000795a80000)
 ParOldGen       total 11264K, used 10334K [0x0000000740000000, 0x0000000740b00000, 0x0000000795580000)
  object space 11264K, 91% used [0x0000000740000000,0x0000000740a17980,0x0000000740b00000)
 Metaspace       used 14036K, capacity 14402K, committed 14592K, reserved 1062912K
  class space    used 1802K, capacity 1941K, committed 2048K, reserved 1048576K
}
Event: 28.464 GC heap before
{Heap before GC invocations=26 (full 3):
 PSYoungGen      total 3584K, used 160K [0x0000000795580000, 0x0000000795a80000, 0x00000007c0000000)
  eden space 2048K, 0% used [0x0000000795580000,0x0000000795580000,0x0000000795780000)
  from space 1536K, 10% used [0x0000000795780000,0x00000007957a8000,0x0000000795900000)
  to   space 1536K, 0% used [0x0000000795900000,0x0000000795900000,0x0000000795a80000)
 ParOldGen       total 11264K, used 10334K [0x0000000740000000, 0x0000000740b00000, 0x0000000795580000)
  object space 11264K, 91% used [0x0000000740000000,0x0000000740a17980,0x0000000740b00000)
 Metaspace       used 14036K, capacity 14402K, committed 14592K, reserved 1062912K
  class space    used 1802K, capacity 1941K, committed 2048K, reserved 1048576K
Event: 28.513 GC heap after
Heap after GC invocations=26 (full 3):
 PSYoungGen      total 3584K, used 0K [0x0000000795580000, 0x0000000795a80000, 0x00000007c0000000)
  eden space 2048K, 0% used [0x0000000795580000,0x0000000795580000,0x0000000795780000)
  from space 1536K, 0% used [0x0000000795780000,0x0000000795780000,0x0000000795900000)
  to   space 1536K, 0% used [0x0000000795900000,0x0000000795900000,0x0000000795a80000)
 ParOldGen       total 12800K, used 9019K [0x0000000740000000, 0x0000000740c80000, 0x0000000795580000)
  object space 12800K, 70% used [0x0000000740000000,0x00000007408cef48,0x0000000740c80000)
 Metaspace       used 14036K, capacity 14402K, committed 14592K, reserved 1062912K
  class space    used 1802K, capacity 1941K, committed 2048K, reserved 1048576K
}

Deoptimization events (10 events):
Event: 28.820 Thread 0x00007f9457198000 Uncommon trap: reason=bimorphic action=maybe_recompile pc=0x000000011f0257f4 method=sun.java2d.SunGraphics2D.validateColor()V @ 95
Event: 28.820 Thread 0x00007f9457198000 Uncommon trap: reason=bimorphic action=maybe_recompile pc=0x000000011f0257f4 method=sun.java2d.SunGraphics2D.validateColor()V @ 95
Event: 28.820 Thread 0x00007f9457198000 Uncommon trap: reason=unstable_if action=reinterpret pc=0x000000011eebf1e0 method=sun.java2d.pipe.Region.dimAdd(II)I @ 1
Event: 28.820 Thread 0x00007f9457198000 Uncommon trap: reason=bimorphic action=maybe_recompile pc=0x000000011f0257f4 method=sun.java2d.SunGraphics2D.validateColor()V @ 95
Event: 28.859 Thread 0x00007f9457198000 Uncommon trap: reason=bimorphic action=maybe_recompile pc=0x000000011f0257f4 method=sun.java2d.SunGraphics2D.validateColor()V @ 95
Event: 28.902 Thread 0x00007f9457198000 Uncommon trap: reason=unstable_if action=reinterpret pc=0x000000011ee3da8c method=javax.swing.SwingPaintEventDispatcher.createPaintEvent(Ljava/awt/Component;IIII)Ljava/awt/event/PaintEvent; @ 4
Event: 28.902 Thread 0x00007f9457198000 Uncommon trap: reason=class_check action=maybe_recompile pc=0x000000011f018388 method=java.awt.EventQueue.coalesceEvent(Ljava/awt/AWTEvent;I)Z @ 61
Event: 28.902 Thread 0x00007f9457198000 Uncommon trap: reason=unstable_if action=reinterpret pc=0x000000011ee872ac method=sun.lwawt.LWComponentPeer.coalescePaintEvent(Ljava/awt/event/PaintEvent;)V @ 4
Event: 28.911 Thread 0x00007f9457198000 Uncommon trap: reason=class_check action=maybe_recompile pc=0x000000011f018388 method=java.awt.EventQueue.coalesceEvent(Ljava/awt/AWTEvent;I)Z @ 61
Event: 28.965 Thread 0x00007f94588cf800 Uncommon trap: reason=unstable_if action=reinterpret pc=0x000000011f00e760 method=sun.lwawt.LWComponentPeer.findPeerAt(II)Lsun/lwawt/LWComponentPeer; @ 15

Internal exceptions (10 events):
Event: 0.120 Thread 0x00007f9457009800 Exception <a 'java/security/PrivilegedActionException'> (0x0000000795615070) thrown at [/Users/java_re/workspace/8-2-build-macosx-x86_64/jdk8u151/9699/hotspot/src/share/vm/prims/jvm.cpp, line 1390]
Event: 0.120 Thread 0x00007f9457009800 Exception <a 'java/security/PrivilegedActionException'> (0x0000000795615280) thrown at [/Users/java_re/workspace/8-2-build-macosx-x86_64/jdk8u151/9699/hotspot/src/share/vm/prims/jvm.cpp, line 1390]
Event: 0.846 Thread 0x00007f9457009800 Exception <a 'java/lang/NoSuchFieldError': method resolution failed> (0x0000000795650448) thrown at [/Users/java_re/workspace/8-2-build-macosx-x86_64/jdk8u151/9699/hotspot/src/share/vm/prims/methodHandles.cpp, line 1146]
Event: 0.849 Thread 0x00007f9457009800 Exception <a 'java/lang/NoSuchFieldError': method resolution failed> (0x000000079565dcd0) thrown at [/Users/java_re/workspace/8-2-build-macosx-x86_64/jdk8u151/9699/hotspot/src/share/vm/prims/methodHandles.cpp, line 1146]
Event: 1.299 Thread 0x00007f9457009800 Exception <a 'java/io/FileNotFoundException'> (0x0000000795583988) thrown at [/Users/java_re/workspace/8-2-build-macosx-x86_64/jdk8u151/9699/hotspot/src/share/vm/prims/jni.cpp, line 709]
Event: 1.300 Thread 0x00007f9457009800 Exception <a 'java/io/FileNotFoundException'> (0x0000000795584cd8) thrown at [/Users/java_re/workspace/8-2-build-macosx-x86_64/jdk8u151/9699/hotspot/src/share/vm/prims/jni.cpp, line 709]
Event: 2.430 Thread 0x00007f9457009800 Exception <a 'java/io/FileNotFoundException'> (0x000000079561b710) thrown at [/Users/java_re/workspace/8-2-build-macosx-x86_64/jdk8u151/9699/hotspot/src/share/vm/prims/jni.cpp, line 709]
Event: 9.376 Thread 0x00007f9458897800 Implicit null exception at 0x000000011eb36e35 to 0x000000011eb37201
Event: 9.376 Thread 0x00007f9458897800 Implicit null exception at 0x000000011eb2fc36 to 0x000000011eb30009
Event: 14.892 Thread 0x00007f9457028000 Exception <a 'java/lang/NullPointerException'> (0x000000079558eb68) thrown at [/Users/java_re/workspace/8-2-build-macosx-x86_64/jdk8u151/9699/hotspot/src/share/vm/interpreter/linkResolver.cpp, line 1183]

Events (10 events):
Event: 28.965 Thread 0x00007f94588cf800 DEOPT PACKING pc=0x000000011f00e760 sp=0x00007ffee0a37720
Event: 28.965 Thread 0x00007f94588cf800 DEOPT UNPACKING pc=0x000000011ea01229 sp=0x00007ffee0a37678 mode 2
Event: 28.965 loading class java/awt/Window$1DisposeAction
Event: 28.965 loading class java/awt/Window$1DisposeAction done
Event: 28.966 loading class java/awt/LightweightDispatcher$2
Event: 28.975 loading class java/awt/LightweightDispatcher$2 done
Event: 28.988 loading class javax/swing/plaf/basic/BasicPopupMenuUI$MouseGrabber$2
Event: 28.995 loading class javax/swing/plaf/basic/BasicPopupMenuUI$MouseGrabber$2 done
Event: 28.995 Executing VM operation: RevokeBias
Event: 28.995 Executing VM operation: RevokeBias done


Dynamic libraries:
0x00000000191e9000 	/System/Library/Frameworks/Cocoa.framework/Versions/A/Cocoa
0x00000000191e9000 	/System/Library/Frameworks/Security.framework/Versions/A/Security
0x00000000191e9000 	/System/Library/Frameworks/ApplicationServices.framework/Versions/A/ApplicationServices
0x00000000191e9000 	/usr/lib/libz.1.dylib
0x00000000191e9000 	/usr/lib/libSystem.B.dylib
0x00000000191e9000 	/usr/lib/libobjc.A.dylib
0x00000000191e9000 	/System/Library/Frameworks/CoreFoundation.framework/Versions/A/CoreFoundation
0x00000000191e9000 	/System/Library/Frameworks/Foundation.framework/Versions/C/Foundation
0x00000000191e9000 	/System/Library/Frameworks/AppKit.framework/Versions/C/AppKit
0x00000000191e9000 	/System/Library/Frameworks/CoreData.framework/Versions/A/CoreData
0x00000000191e9000 	/System/Library/PrivateFrameworks/RemoteViewServices.framework/Versions/A/RemoteViewServices
0x00000000191e9000 	/System/Library/PrivateFrameworks/UIFoundation.framework/Versions/A/UIFoundation
0x00000000191e9000 	/System/Library/PrivateFrameworks/DFRFoundation.framework/Versions/A/DFRFoundation
0x00000000191e9000 	/System/Library/Frameworks/Metal.framework/Versions/A/Metal
0x00000000191e9000 	/System/Library/PrivateFrameworks/DesktopServicesPriv.framework/Versions/A/DesktopServicesPriv
0x00000000191e9000 	/usr/lib/libenergytrace.dylib
0x00000000191e9000 	/System/Library/PrivateFrameworks/SkyLight.framework/Versions/A/SkyLight
0x00000000191e9000 	/System/Library/Frameworks/CoreGraphics.framework/Versions/A/CoreGraphics
0x00000000191e9000 	/usr/lib/libScreenReader.dylib
0x00000000191e9000 	/System/Library/Frameworks/Accelerate.framework/Versions/A/Accelerate
0x00000000191e9000 	/System/Library/Frameworks/IOSurface.framework/Versions/A/IOSurface
0x00000000191e9000 	/System/Library/Frameworks/AudioToolbox.framework/Versions/A/AudioToolbox
0x00000000191e9000 	/System/Library/Frameworks/AudioUnit.framework/Versions/A/AudioUnit
0x00000000191e9000 	/System/Library/PrivateFrameworks/DataDetectorsCore.framework/Versions/A/DataDetectorsCore
0x00000000191e9000 	/System/Library/Frameworks/Carbon.framework/Versions/A/Frameworks/HIToolbox.framework/Versions/A/HIToolbox
0x00000000191e9000 	/usr/lib/libicucore.A.dylib
0x00000000191e9000 	/System/Library/Frameworks/QuartzCore.framework/Versions/A/QuartzCore
0x00000000191e9000 	/System/Library/PrivateFrameworks/SignpostNotification.framework/Versions/A/SignpostNotification
0x00000000191e9000 	/System/Library/Frameworks/Carbon.framework/Versions/A/Frameworks/SpeechRecognition.framework/Versions/A/SpeechRecognition
0x00000000191e9000 	/usr/lib/libauto.dylib
0x00000000191e9000 	/usr/lib/libxml2.2.dylib
0x00000000191e9000 	/System/Library/PrivateFrameworks/CoreUI.framework/Versions/A/CoreUI
0x00000000191e9000 	/System/Library/Frameworks/CoreAudio.framework/Versions/A/CoreAudio
0x00000000191e9000 	/System/Library/Frameworks/DiskArbitration.framework/Versions/A/DiskArbitration
0x00000000191e9000 	/usr/lib/liblangid.dylib
0x00000000191e9000 	/System/Library/PrivateFrameworks/MultitouchSupport.framework/Versions/A/MultitouchSupport
0x00000000191e9000 	/System/Library/Frameworks/IOKit.framework/Versions/A/IOKit
0x00000000191e9000 	/usr/lib/libDiagnosticMessagesClient.dylib
0x00000000191e9000 	/System/Library/Frameworks/CoreServices.framework/Versions/A/CoreServices
0x00000000191e9000 	/System/Library/PrivateFrameworks/PerformanceAnalysis.framework/Versions/A/PerformanceAnalysis
0x00000000191e9000 	/System/Library/Frameworks/OpenGL.framework/Versions/A/OpenGL
0x00000000191e9000 	/System/Library/Frameworks/ColorSync.framework/Versions/A/ColorSync
0x00000000191e9000 	/System/Library/Frameworks/CoreImage.framework/Versions/A/CoreImage
0x00000000191e9000 	/System/Library/Frameworks/CoreText.framework/Versions/A/CoreText
0x00000000191e9000 	/System/Library/Frameworks/ImageIO.framework/Versions/A/ImageIO
0x00000000191e9000 	/System/Library/PrivateFrameworks/Backup.framework/Versions/A/Backup
0x00000000191e9000 	/usr/lib/libarchive.2.dylib
0x00000000191e9000 	/System/Library/Frameworks/CFNetwork.framework/Versions/A/CFNetwork
0x00000000191e9000 	/System/Library/Frameworks/SystemConfiguration.framework/Versions/A/SystemConfiguration
0x00000000191e9000 	/usr/lib/libCRFSuite.dylib
0x00000000191e9000 	/usr/lib/libc++.1.dylib
0x00000000191e9000 	/usr/lib/libc++abi.dylib
0x00000000191e9000 	/usr/lib/system/libcache.dylib
0x00000000191e9000 	/usr/lib/system/libcommonCrypto.dylib
0x00000000191e9000 	/usr/lib/system/libcompiler_rt.dylib
0x00000000191e9000 	/usr/lib/system/libcopyfile.dylib
0x00000000191e9000 	/usr/lib/system/libcorecrypto.dylib
0x00000000191e9000 	/usr/lib/system/libdispatch.dylib
0x00000000191e9000 	/usr/lib/system/libdyld.dylib
0x00000000191e9000 	/usr/lib/system/libkeymgr.dylib
0x00000000191e9000 	/usr/lib/system/liblaunch.dylib
0x00000000191e9000 	/usr/lib/system/libmacho.dylib
0x00000000191e9000 	/usr/lib/system/libquarantine.dylib
0x00000000191e9000 	/usr/lib/system/libremovefile.dylib
0x00000000191e9000 	/usr/lib/system/libsystem_asl.dylib
0x00000000191e9000 	/usr/lib/system/libsystem_blocks.dylib
0x00000000191e9000 	/usr/lib/system/libsystem_c.dylib
0x00000000191e9000 	/usr/lib/system/libsystem_configuration.dylib
0x00000000191e9000 	/usr/lib/system/libsystem_coreservices.dylib
0x00000000191e9000 	/usr/lib/system/libsystem_darwin.dylib
0x00000000191e9000 	/usr/lib/system/libsystem_dnssd.dylib
0x00000000191e9000 	/usr/lib/system/libsystem_info.dylib
0x00000000191e9000 	/usr/lib/system/libsystem_m.dylib
0x00000000191e9000 	/usr/lib/system/libsystem_malloc.dylib
0x00000000191e9000 	/usr/lib/system/libsystem_network.dylib
0x00000000191e9000 	/usr/lib/system/libsystem_networkextension.dylib
0x00000000191e9000 	/usr/lib/system/libsystem_notify.dylib
0x00000000191e9000 	/usr/lib/system/libsystem_sandbox.dylib
0x00000000191e9000 	/usr/lib/system/libsystem_secinit.dylib
0x00000000191e9000 	/usr/lib/system/libsystem_kernel.dylib
0x00000000191e9000 	/usr/lib/system/libsystem_platform.dylib
0x00000000191e9000 	/usr/lib/system/libsystem_pthread.dylib
0x00000000191e9000 	/usr/lib/system/libsystem_symptoms.dylib
0x00000000191e9000 	/usr/lib/system/libsystem_trace.dylib
0x00000000191e9000 	/usr/lib/system/libunwind.dylib
0x00000000191e9000 	/usr/lib/system/libxpc.dylib
0x00000000191e9000 	/usr/lib/closure/libclosured.dylib
0x00000000191e9000 	/usr/lib/libbsm.0.dylib
0x00000000191e9000 	/usr/lib/system/libkxld.dylib
0x00000000191e9000 	/usr/lib/libOpenScriptingUtil.dylib
0x00000000191e9000 	/usr/lib/libcoretls.dylib
0x00000000191e9000 	/usr/lib/libcoretls_cfhelpers.dylib
0x00000000191e9000 	/usr/lib/libpam.2.dylib
0x00000000191e9000 	/usr/lib/libsqlite3.dylib
0x00000000191e9000 	/usr/lib/libxar.1.dylib
0x00000000191e9000 	/usr/lib/libbz2.1.0.dylib
0x00000000191e9000 	/usr/lib/liblzma.5.dylib
0x00000000191e9000 	/usr/lib/libnetwork.dylib
0x00000000191e9000 	/usr/lib/libapple_nghttp2.dylib
0x00000000191e9000 	/usr/lib/libpcap.A.dylib
0x00000000191e9000 	/usr/lib/libboringssl.dylib
0x00000000191e9000 	/usr/lib/libusrtcp.dylib
0x00000000191e9000 	/usr/lib/libapple_crypto.dylib
0x00000000191e9000 	/System/Library/Frameworks/CoreServices.framework/Versions/A/Frameworks/FSEvents.framework/Versions/A/FSEvents
0x00000000191e9000 	/System/Library/Frameworks/CoreServices.framework/Versions/A/Frameworks/CarbonCore.framework/Versions/A/CarbonCore
0x00000000191e9000 	/System/Library/Frameworks/CoreServices.framework/Versions/A/Frameworks/Metadata.framework/Versions/A/Metadata
0x00000000191e9000 	/System/Library/Frameworks/CoreServices.framework/Versions/A/Frameworks/OSServices.framework/Versions/A/OSServices
0x00000000191e9000 	/System/Library/Frameworks/CoreServices.framework/Versions/A/Frameworks/SearchKit.framework/Versions/A/SearchKit
0x00000000191e9000 	/System/Library/Frameworks/CoreServices.framework/Versions/A/Frameworks/AE.framework/Versions/A/AE
0x00000000191e9000 	/System/Library/Frameworks/CoreServices.framework/Versions/A/Frameworks/LaunchServices.framework/Versions/A/LaunchServices
0x00000000191e9000 	/System/Library/Frameworks/CoreServices.framework/Versions/A/Frameworks/DictionaryServices.framework/Versions/A/DictionaryServices
0x00000000191e9000 	/System/Library/Frameworks/CoreServices.framework/Versions/A/Frameworks/SharedFileList.framework/Versions/A/SharedFileList
0x00000000191e9000 	/System/Library/Frameworks/NetFS.framework/Versions/A/NetFS
0x00000000191e9000 	/System/Library/PrivateFrameworks/NetAuth.framework/Versions/A/NetAuth
0x00000000191e9000 	/System/Library/PrivateFrameworks/login.framework/Versions/A/Frameworks/loginsupport.framework/Versions/A/loginsupport
0x00000000191e9000 	/System/Library/PrivateFrameworks/TCC.framework/Versions/A/TCC
0x00000000191e9000 	/usr/lib/libmecabra.dylib
0x00000000191e9000 	/System/Library/Frameworks/ApplicationServices.framework/Versions/A/Frameworks/ATS.framework/Versions/A/ATS
0x00000000191e9000 	/System/Library/Frameworks/ApplicationServices.framework/Versions/A/Frameworks/ColorSyncLegacy.framework/Versions/A/ColorSyncLegacy
0x00000000191e9000 	/System/Library/Frameworks/ApplicationServices.framework/Versions/A/Frameworks/HIServices.framework/Versions/A/HIServices
0x00000000191e9000 	/System/Library/Frameworks/ApplicationServices.framework/Versions/A/Frameworks/LangAnalysis.framework/Versions/A/LangAnalysis
0x00000000191e9000 	/System/Library/Frameworks/ApplicationServices.framework/Versions/A/Frameworks/PrintCore.framework/Versions/A/PrintCore
0x00000000191e9000 	/System/Library/Frameworks/ApplicationServices.framework/Versions/A/Frameworks/QD.framework/Versions/A/QD
0x00000000191e9000 	/System/Library/Frameworks/ApplicationServices.framework/Versions/A/Frameworks/SpeechSynthesis.framework/Versions/A/SpeechSynthesis
0x00000000191e9000 	/System/Library/Frameworks/CoreDisplay.framework/Versions/A/CoreDisplay
0x00000000191e9000 	/System/Library/Frameworks/Accelerate.framework/Versions/A/Frameworks/vImage.framework/Versions/A/vImage
0x00000000191e9000 	/System/Library/Frameworks/Accelerate.framework/Versions/A/Frameworks/vecLib.framework/Versions/A/vecLib
0x00000000191e9000 	/System/Library/Frameworks/Accelerate.framework/Versions/A/Frameworks/vecLib.framework/Versions/A/libvDSP.dylib
0x00000000191e9000 	/System/Library/Frameworks/Accelerate.framework/Versions/A/Frameworks/vecLib.framework/Versions/A/libBNNS.dylib
0x00000000191e9000 	/System/Library/Frameworks/Accelerate.framework/Versions/A/Frameworks/vecLib.framework/Versions/A/libQuadrature.dylib
0x00000000191e9000 	/System/Library/Frameworks/Accelerate.framework/Versions/A/Frameworks/vecLib.framework/Versions/A/libvMisc.dylib
0x00000000191e9000 	/System/Library/Frameworks/Accelerate.framework/Versions/A/Frameworks/vecLib.framework/Versions/A/libLAPACK.dylib
0x00000000191e9000 	/System/Library/Frameworks/Accelerate.framework/Versions/A/Frameworks/vecLib.framework/Versions/A/libBLAS.dylib
0x00000000191e9000 	/System/Library/Frameworks/Accelerate.framework/Versions/A/Frameworks/vecLib.framework/Versions/A/libLinearAlgebra.dylib
0x00000000191e9000 	/System/Library/Frameworks/Accelerate.framework/Versions/A/Frameworks/vecLib.framework/Versions/A/libSparse.dylib
0x00000000191e9000 	/System/Library/Frameworks/Accelerate.framework/Versions/A/Frameworks/vecLib.framework/Versions/A/libSparseBLAS.dylib
0x00000000191e9000 	/System/Library/PrivateFrameworks/GPUWrangler.framework/Versions/A/GPUWrangler
0x00000000191e9000 	/System/Library/PrivateFrameworks/IOAccelerator.framework/Versions/A/IOAccelerator
0x00000000191e9000 	/System/Library/PrivateFrameworks/IOPresentment.framework/Versions/A/IOPresentment
0x00000000191e9000 	/System/Library/PrivateFrameworks/DSExternalDisplay.framework/Versions/A/DSExternalDisplay
0x00000000191e9000 	/System/Library/Frameworks/OpenGL.framework/Versions/A/Libraries/libCoreFSCache.dylib
0x00000000191e9000 	/System/Library/Frameworks/CoreVideo.framework/Versions/A/CoreVideo
0x00000000191e9000 	/System/Library/PrivateFrameworks/GraphVisualizer.framework/Versions/A/GraphVisualizer
0x00000000191e9000 	/System/Library/Frameworks/MetalPerformanceShaders.framework/Versions/A/MetalPerformanceShaders
0x00000000191e9000 	/usr/lib/libFosl_dynamic.dylib
0x00000000191e9000 	/System/Library/PrivateFrameworks/FaceCore.framework/Versions/A/FaceCore
0x00000000191e9000 	/System/Library/Frameworks/OpenCL.framework/Versions/A/OpenCL
0x00000000191e9000 	/usr/lib/libcompression.dylib
0x00000000191e9000 	/System/Library/Frameworks/ApplicationServices.framework/Versions/A/Frameworks/ATS.framework/Versions/A/Resources/libFontParser.dylib
0x00000000191e9000 	/System/Library/Frameworks/ApplicationServices.framework/Versions/A/Frameworks/ATS.framework/Versions/A/Resources/libFontRegistry.dylib
0x00000000191e9000 	/System/Library/Frameworks/ImageIO.framework/Versions/A/Resources/libJPEG.dylib
0x00000000191e9000 	/System/Library/Frameworks/ImageIO.framework/Versions/A/Resources/libTIFF.dylib
0x00000000191e9000 	/System/Library/Frameworks/ImageIO.framework/Versions/A/Resources/libPng.dylib
0x00000000191e9000 	/System/Library/Frameworks/ImageIO.framework/Versions/A/Resources/libGIF.dylib
0x00000000191e9000 	/System/Library/Frameworks/ImageIO.framework/Versions/A/Resources/libJP2.dylib
0x00000000191e9000 	/System/Library/Frameworks/ImageIO.framework/Versions/A/Resources/libRadiance.dylib
0x00000000191e9000 	/System/Library/PrivateFrameworks/AppleJPEG.framework/Versions/A/AppleJPEG
0x00000000191e9000 	/System/Library/Frameworks/MetalPerformanceShaders.framework/Frameworks/MPSCore.framework/Versions/A/MPSCore
0x00000000191e9000 	/System/Library/Frameworks/MetalPerformanceShaders.framework/Frameworks/MPSImage.framework/Versions/A/MPSImage
0x00000000191e9000 	/System/Library/Frameworks/MetalPerformanceShaders.framework/Frameworks/MPSNeuralNetwork.framework/Versions/A/MPSNeuralNetwork
0x00000000191e9000 	/System/Library/Frameworks/MetalPerformanceShaders.framework/Frameworks/MPSMatrix.framework/Versions/A/MPSMatrix
0x00000000191e9000 	/System/Library/PrivateFrameworks/MetalTools.framework/Versions/A/MetalTools
0x00000000191e9000 	/System/Library/Frameworks/OpenGL.framework/Versions/A/Libraries/libGLU.dylib
0x00000000191e9000 	/System/Library/Frameworks/OpenGL.framework/Versions/A/Libraries/libGFXShared.dylib
0x00000000191e9000 	/System/Library/Frameworks/OpenGL.framework/Versions/A/Libraries/libGL.dylib
0x00000000191e9000 	/System/Library/Frameworks/OpenGL.framework/Versions/A/Libraries/libGLImage.dylib
0x00000000191e9000 	/System/Library/Frameworks/OpenGL.framework/Versions/A/Libraries/libCVMSPluginSupport.dylib
0x00000000191e9000 	/System/Library/Frameworks/OpenGL.framework/Versions/A/Libraries/libCoreVMClient.dylib
0x00000000191e9000 	/usr/lib/libcups.2.dylib
0x00000000191e9000 	/System/Library/Frameworks/Kerberos.framework/Versions/A/Kerberos
0x00000000191e9000 	/System/Library/Frameworks/GSS.framework/Versions/A/GSS
0x00000000191e9000 	/usr/lib/libresolv.9.dylib
0x00000000191e9000 	/usr/lib/libiconv.2.dylib
0x00000000191e9000 	/System/Library/PrivateFrameworks/Heimdal.framework/Versions/A/Heimdal
0x00000000191e9000 	/usr/lib/libheimdal-asn1.dylib
0x00000000191e9000 	/System/Library/Frameworks/OpenDirectory.framework/Versions/A/OpenDirectory
0x00000000191e9000 	/System/Library/PrivateFrameworks/CommonAuth.framework/Versions/A/CommonAuth
0x00000000191e9000 	/System/Library/Frameworks/OpenDirectory.framework/Versions/A/Frameworks/CFOpenDirectory.framework/Versions/A/CFOpenDirectory
0x00000000191e9000 	/System/Library/Frameworks/SecurityFoundation.framework/Versions/A/SecurityFoundation
0x00000000191e9000 	/System/Library/PrivateFrameworks/APFS.framework/Versions/A/APFS
0x00000000191e9000 	/usr/lib/libutil.dylib
0x00000000191e9000 	/System/Library/PrivateFrameworks/AppleSauce.framework/Versions/A/AppleSauce
0x00000000191e9000 	/System/Library/PrivateFrameworks/LinguisticData.framework/Versions/A/LinguisticData
0x00000000191e9000 	/usr/lib/libmarisa.dylib
0x00000000191e9000 	/System/Library/PrivateFrameworks/Lexicon.framework/Versions/A/Lexicon
0x00000000191e9000 	/usr/lib/libChineseTokenizer.dylib
0x00000000191e9000 	/usr/lib/libcmph.dylib
0x00000000191e9000 	/System/Library/PrivateFrameworks/LanguageModeling.framework/Versions/A/LanguageModeling
0x00000000191e9000 	/System/Library/PrivateFrameworks/CoreEmoji.framework/Versions/A/CoreEmoji
0x00000000191e9000 	/System/Library/Frameworks/ServiceManagement.framework/Versions/A/ServiceManagement
0x00000000191e9000 	/System/Library/PrivateFrameworks/BackgroundTaskManagement.framework/Versions/A/BackgroundTaskManagement
0x00000000191e9000 	/usr/lib/libxslt.1.dylib
0x00000000191e9000 	/System/Library/Frameworks/Carbon.framework/Versions/A/Frameworks/Ink.framework/Versions/A/Ink
0x00000000191e9000 	/System/Library/PrivateFrameworks/TextureIO.framework/Versions/A/TextureIO
0x00000000191e9000 	/usr/lib/libate.dylib
0x00000000191e9000 	/System/Library/PrivateFrameworks/CrashReporterSupport.framework/Versions/A/CrashReporterSupport
0x00000000191e9000 	/System/Library/PrivateFrameworks/Sharing.framework/Versions/A/Sharing
0x00000000191e9000 	/System/Library/PrivateFrameworks/IconServices.framework/Versions/A/IconServices
0x00000000191e9000 	/System/Library/PrivateFrameworks/Apple80211.framework/Versions/A/Apple80211
0x00000000191e9000 	/System/Library/PrivateFrameworks/CoreUtils.framework/Versions/A/CoreUtils
0x00000000191e9000 	/System/Library/Frameworks/CoreWLAN.framework/Versions/A/CoreWLAN
0x00000000191e9000 	/System/Library/Frameworks/IOBluetooth.framework/Versions/A/IOBluetooth
0x00000000191e9000 	/System/Library/PrivateFrameworks/ProtocolBuffer.framework/Versions/A/ProtocolBuffer
0x00000000191e9000 	/System/Library/PrivateFrameworks/CoreWiFi.framework/Versions/A/CoreWiFi
0x00000000191e9000 	/System/Library/Frameworks/CoreBluetooth.framework/Versions/A/CoreBluetooth
0x00000000191e9000 	/System/Library/PrivateFrameworks/DebugSymbols.framework/Versions/A/DebugSymbols
0x00000000191e9000 	/System/Library/PrivateFrameworks/CoreSymbolication.framework/Versions/A/CoreSymbolication
0x00000000191e9000 	/System/Library/PrivateFrameworks/Symbolication.framework/Versions/A/Symbolication
0x00000000191e9000 	/System/Library/PrivateFrameworks/AppleFSCompression.framework/Versions/A/AppleFSCompression
0x00000000191e9000 	/System/Library/PrivateFrameworks/SpeechRecognitionCore.framework/Versions/A/SpeechRecognitionCore
0x000000010fa00000 	/Library/Java/JavaVirtualMachines/jdk1.8.0_151.jdk/Contents/Home/jre/lib/server/libjvm.dylib
0x00000000191e9000 	/usr/lib/libstdc++.6.0.9.dylib
0x00000001109a7000 	/Library/Java/JavaVirtualMachines/jdk1.8.0_151.jdk/Contents/Home/jre/lib/libverify.dylib
0x00000001109b5000 	/Library/Java/JavaVirtualMachines/jdk1.8.0_151.jdk/Contents/Home/jre/lib/libjava.dylib
0x0000000110a32000 	/Library/Java/JavaVirtualMachines/jdk1.8.0_151.jdk/Contents/Home/jre/lib/libzip.dylib
0x00000000191e9000 	/System/Library/Frameworks/JavaVM.framework/Versions/A/Frameworks/JavaRuntimeSupport.framework/Versions/A/JavaRuntimeSupport
0x00000000191e9000 	/System/Library/Frameworks/JavaVM.framework/Versions/A/Frameworks/JavaNativeFoundation.framework/Versions/A/JavaNativeFoundation
0x00000000191e9000 	/System/Library/Frameworks/JavaVM.framework/Versions/A/JavaVM
0x00000000191e9000 	/System/Library/Frameworks/Carbon.framework/Versions/A/Carbon
0x00000000191e9000 	/System/Library/PrivateFrameworks/JavaLaunching.framework/Versions/A/JavaLaunching
0x00000000191e9000 	/System/Library/Frameworks/Carbon.framework/Versions/A/Frameworks/CommonPanels.framework/Versions/A/CommonPanels
0x00000000191e9000 	/System/Library/Frameworks/Carbon.framework/Versions/A/Frameworks/Help.framework/Versions/A/Help
0x00000000191e9000 	/System/Library/Frameworks/Carbon.framework/Versions/A/Frameworks/ImageCapture.framework/Versions/A/ImageCapture
0x00000000191e9000 	/System/Library/Frameworks/Carbon.framework/Versions/A/Frameworks/OpenScripting.framework/Versions/A/OpenScripting
0x00000000191e9000 	/System/Library/Frameworks/Carbon.framework/Versions/A/Frameworks/Print.framework/Versions/A/Print
0x00000000191e9000 	/System/Library/Frameworks/Carbon.framework/Versions/A/Frameworks/SecurityHI.framework/Versions/A/SecurityHI
0x0000000118de9000 	/Library/Java/JavaVirtualMachines/jdk1.8.0_151.jdk/Contents/Home/jre/lib/libawt.dylib
0x0000000118e91000 	/Library/Java/JavaVirtualMachines/jdk1.8.0_151.jdk/Contents/Home/jre/lib/./libmlib_image.dylib
0x0000000118f5d000 	/Library/Java/JavaVirtualMachines/jdk1.8.0_151.jdk/Contents/Home/jre/lib/libawt_lwawt.dylib
0x0000000119014000 	/Library/Java/JavaVirtualMachines/jdk1.8.0_151.jdk/Contents/Home/jre/lib/./libosxapp.dylib
0x00000000191e9000 	/System/Library/Frameworks/ExceptionHandling.framework/Versions/A/ExceptionHandling
0x00000000191e9000 	/System/Library/PrivateFrameworks/CoreServicesInternal.framework/Versions/A/CoreServicesInternal
0x00000000191e9000 	/System/Library/CoreServices/RawCamera.bundle/Contents/MacOS/RawCamera
0x00000000191e9000 	/System/Library/PrivateFrameworks/MobileAsset.framework/Versions/A/MobileAsset
0x00000000191e9000 	/System/Library/PrivateFrameworks/StreamingZip.framework/Versions/A/StreamingZip
0x00000000191e9000 	/System/Library/Frameworks/MediaToolbox.framework/Versions/A/MediaToolbox
0x00000000191e9000 	/System/Library/PrivateFrameworks/CoreAVCHD.framework/Versions/A/CoreAVCHD
0x00000000191e9000 	/System/Library/Frameworks/MediaAccessibility.framework/Versions/A/MediaAccessibility
0x00000000191e9000 	/System/Library/PrivateFrameworks/Mangrove.framework/Versions/A/Mangrove
0x00000000191e9000 	/System/Library/Frameworks/CoreMedia.framework/Versions/A/CoreMedia
0x00000000191e9000 	/System/Library/Frameworks/VideoToolbox.framework/Versions/A/VideoToolbox
0x00000000191e9000 	/System/Library/PrivateFrameworks/CoreAUC.framework/Versions/A/CoreAUC
0x00000000191e9000 	/usr/lib/libspindump.dylib
0x00000000191e9000 	/System/Library/PrivateFrameworks/AppleVA.framework/Versions/A/AppleVA
0x00000000191e9000 	/System/Library/Frameworks/Accelerate.framework/Versions/A/Frameworks/vImage.framework/Versions/A/Libraries/libCGInterfaces.dylib
0x00000000191e9000 	/System/Library/Frameworks/ApplicationServices.framework/Versions/A/Frameworks/ATS.framework/Versions/A/Resources/libTrueTypeScaler.dylib
0x00000000191e9000 	/System/Library/Extensions/AppleIntelHD4000GraphicsMTLDriver.bundle/Contents/MacOS/AppleIntelHD4000GraphicsMTLDriver
0x00000000191e9000 	/System/Library/PrivateFrameworks/GPUCompiler.framework/Versions/3802/Libraries/libmetal_timestamp.dylib
0x00000000191e9000 	/System/Library/PrivateFrameworks/FamilyControls.framework/Versions/A/FamilyControls
0x00000000191e9000 	/System/Library/PrivateFrameworks/CommerceKit.framework/Versions/A/Frameworks/CommerceCore.framework/Versions/A/CommerceCore
0x00000000191e9000 	/System/Library/PrivateFrameworks/SystemAdministration.framework/Versions/A/SystemAdministration
0x00000000191e9000 	/System/Library/PrivateFrameworks/AppContainer.framework/Versions/A/AppContainer
0x00000000191e9000 	/System/Library/PrivateFrameworks/SecCodeWrapper.framework/Versions/A/SecCodeWrapper
0x00000000191e9000 	/System/Library/PrivateFrameworks/DiskManagement.framework/Versions/A/DiskManagement
0x00000000191e9000 	/System/Library/Frameworks/DirectoryService.framework/Versions/A/DirectoryService
0x00000000191e9000 	/System/Library/PrivateFrameworks/DiskImages.framework/Versions/A/DiskImages
0x00000000191e9000 	/System/Library/PrivateFrameworks/LoginUIKit.framework/Versions/A/Frameworks/LoginUICore.framework/Versions/A/LoginUICore
0x00000000191e9000 	/usr/lib/libCoreStorage.dylib
0x00000000191e9000 	/usr/lib/libcsfde.dylib
0x00000000191e9000 	/usr/lib/libodfde.dylib
0x00000000191e9000 	/System/Library/PrivateFrameworks/MediaKit.framework/Versions/A/MediaKit
0x00000000191e9000 	/System/Library/Frameworks/DiscRecording.framework/Versions/A/DiscRecording
0x00000000191e9000 	/System/Library/PrivateFrameworks/EFILogin.framework/Versions/A/EFILogin
0x00000000191e9000 	/System/Library/PrivateFrameworks/ProtectedCloudStorage.framework/Versions/A/ProtectedCloudStorage
0x00000000191e9000 	/usr/lib/libcurl.4.dylib
0x00000000191e9000 	/usr/lib/libcrypto.35.dylib
0x00000000191e9000 	/usr/lib/libssl.35.dylib
0x00000000191e9000 	/System/Library/Frameworks/LDAP.framework/Versions/A/LDAP
0x00000000191e9000 	/System/Library/PrivateFrameworks/TrustEvaluationAgent.framework/Versions/A/TrustEvaluationAgent
0x00000000191e9000 	/usr/lib/libsasl2.2.dylib
0x00000000191e9000 	/System/Library/PrivateFrameworks/CoreDaemon.framework/Versions/B/CoreDaemon
0x00000000191e9000 	/System/Library/PrivateFrameworks/AppleSRP.framework/Versions/A/AppleSRP
0x00000000191e9000 	/System/Library/PrivateFrameworks/ViewBridge.framework/Versions/A/ViewBridge
0x00000000191e9000 	/System/Library/Frameworks/OpenGL.framework/Versions/A/Resources/GLEngine.bundle/GLEngine
0x00000000191e9000 	/System/Library/Frameworks/OpenGL.framework/Versions/A/Libraries/libGLProgrammability.dylib
0x000000011b33e000 	/System/Library/Extensions/AppleIntelHD4000GraphicsGLDriver.bundle/Contents/MacOS/AppleIntelHD4000GraphicsGLDriver
0x00000000191e9000 	/System/Library/PrivateFrameworks/GPUSupport.framework/Versions/A/Libraries/libGPUSupportMercury.dylib
0x00000000191e9000 	/System/Library/Frameworks/OpenGL.framework/Versions/A/Resources/GLRendererFloat.bundle/GLRendererFloat
0x00000000191e9000 	/System/Library/Frameworks/OpenCL.framework/Versions/A/Libraries/libcldcpuengine.dylib
0x000000011c36f000 	/Library/Java/JavaVirtualMachines/jdk1.8.0_151.jdk/Contents/Home/jre/lib/libfontmanager.dylib
0x000000011d80d000 	/Library/Java/JavaVirtualMachines/jdk1.8.0_151.jdk/Contents/Home/jre/lib/libosxui.dylib
0x000000011e4ab000 	/Library/Java/JavaVirtualMachines/jdk1.8.0_151.jdk/Contents/Home/jre/lib/libnet.dylib
0x000000011e75f000 	/Library/Java/JavaVirtualMachines/jdk1.8.0_151.jdk/Contents/Home/jre/lib/libnio.dylib
0x000000016fcb9000 	/Library/Java/JavaVirtualMachines/jdk1.8.0_151.jdk/Contents/Home/jre/lib/libjpeg.dylib

VM Arguments:
jvm_args: -Dapplication.home=/Library/Java/JavaVirtualMachines/jdk1.8.0_151.jdk/Contents/Home -Xms8m 
java_command: sun.applet.Main /Users/Chinmay/Downloads/Corbit/Corbit.html
java_class_path (initial): /Library/Java/JavaVirtualMachines/jdk1.8.0_151.jdk/Contents/Home/lib/tools.jar:/Library/Java/JavaVirtualMachines/jdk1.8.0_151.jdk/Contents/Home/classes
Launcher Type: SUN_STANDARD

Environment Variables:
PATH=/Library/Frameworks/Python.framework/Versions/3.6/bin:/Library/Frameworks/Python.framework/Versions/2.7/bin:/Library/Frameworks/Python.framework/Versions/2.7/bin:/Library/Frameworks/Python.framework/Versions/3.5/bin:/usr/local/bin:/usr/bin:/bin:/usr/sbin:/sbin:/opt/X11/bin:/usr/local/share/dotnet:/usr/local/git/bin:/Library/Frameworks/Mono.framework/Versions/Current/Commands:/Applications/Xamarin Workbooks.app/Contents/SharedSupport/path-bin:/Users/*thisismyaccount*/Library/Android/sdk/platform-tools/:/Users/Chinmay/Library/Android/sdk/platform-tools/
SHELL=/bin/bash
DISPLAY=/private/tmp/com.apple.launchd.5bpeEkRegv/org.macosforge.xquartz:0

Signal Handlers:
SIGSEGV: [libjvm.dylib+0x5b27a5], sa_mask[0]=11111111011111110111111111111111, sa_flags=SA_ONSTACK|SA_RESTART|SA_SIGINFO
SIGBUS: [libjvm.dylib+0x5b27a5], sa_mask[0]=11111111011111110111111111111111, sa_flags=SA_RESTART|SA_SIGINFO
SIGFPE: [libjvm.dylib+0x4891c4], sa_mask[0]=11111111011111110111111111111111, sa_flags=SA_RESTART|SA_SIGINFO
SIGPIPE: [libjvm.dylib+0x4891c4], sa_mask[0]=11111111011111110111111111111111, sa_flags=SA_RESTART|SA_SIGINFO
SIGXFSZ: [libjvm.dylib+0x4891c4], sa_mask[0]=11111111011111110111111111111111, sa_flags=SA_RESTART|SA_SIGINFO
SIGILL: [libjvm.dylib+0x4891c4], sa_mask[0]=11111111011111110111111111111111, sa_flags=SA_RESTART|SA_SIGINFO
SIGUSR1: SIG_DFL, sa_mask[0]=11011111011111100000000111000110, sa_flags=none
SIGUSR2: [libjvm.dylib+0x488ce2], sa_mask[0]=00000000000000000000000000000000, sa_flags=SA_RESTART|SA_SIGINFO
SIGHUP: [libjvm.dylib+0x4872b9], sa_mask[0]=11111111011111110111111111111111, sa_flags=SA_RESTART|SA_SIGINFO
SIGINT: [libjvm.dylib+0x4872b9], sa_mask[0]=11111111011111110111111111111111, sa_flags=SA_RESTART|SA_SIGINFO
SIGTERM: [libjvm.dylib+0x4872b9], sa_mask[0]=11111111011111110111111111111111, sa_flags=SA_RESTART|SA_SIGINFO
SIGQUIT: [libjvm.dylib+0x4872b9], sa_mask[0]=11111111011111110111111111111111, sa_flags=SA_RESTART|SA_SIGINFO


---------------  S Y S T E M  ---------------

OS:Bsduname:Darwin 17.6.0 Darwin Kernel Version 17.6.0: Tue May  8 15:22:16 PDT 2018; root:xnu-4570.61.1~1/RELEASE_X86_64 x86_64
rlimit: STACK 8192k, CORE 0k, NPROC 709, NOFILE 10240, AS infinity
load average:3.66 3.59 3.12

CPU:total 4 (initial active 4) (2 cores per cpu, 2 threads per core) family 6 model 58 stepping 9, cmov, cx8, fxsr, mmx, sse, sse2, sse3, ssse3, sse4.1, sse4.2, popcnt, avx, aes, clmul, erms, ht, tsc, tscinvbit, tscinv

Memory: 4k page, physical 8388608k(425916k free)

/proc/meminfo:


vm_info: Java HotSpot(TM) 64-Bit Server VM (25.151-b12) for bsd-amd64 JRE (1.8.0_151-b12), built on Sep  5 2017 19:37:08 by "java_re" with gcc 4.2.1 (Based on Apple Inc. build 5658) (LLVM build 2336.11.00)

time: Tue Sep  4 21:33:52 2018
elapsed time: 29 seconds (0d 0h 0m 29s)

